<?xml version="1.0" encoding="UTF-8"?>
<!-- Generated by org.testng.reporters.JUnitXMLReporter -->
<testsuite ignored="1" hostname="Comp" failures="0" tests="1" name="Signature and flow [chrome]" time="64.16" errors="0" timestamp="05 лип. 2018 08:55:43 GMT">
  <testcase classname="myprojects.automation.assignment5.tests.PlaceOrderTest" name="checkSignature" time="59.263"/>
  <testcase classname="myprojects.automation.assignment5.tests.PlaceOrderTest" name="checkFileUpload" time="0.0">
    <ignored/>
  </testcase> <!-- checkFileUpload -->
</testsuite> <!-- Signature and flow [chrome] -->
