<?xml version="1.0" encoding="UTF-8"?>
<testsuite xmlns:xsi="http://www.w3.org/2001/XMLSchema-instance" xsi:noNamespaceSchemaLocation="https://maven.apache.org/surefire/maven-surefire-plugin/xsd/surefire-test-report.xsd" name="TestSuite" time="107.502" tests="6" errors="0" skipped="0" failures="5">
  <properties>
[...]
</properties>
  <testcase name="checkSignature" classname="myprojects.automation.assignment5.tests.PlaceOrderTest" time="52.635">
    <failure message="expected [82.35] but found [82.36]" type="java.lang.AssertionError">java.lang.AssertionError: expected [82.35] but found [82.36]
	at myprojects.automation.assignment5.tests.PlaceOrderTest.checkSignature(PlaceOrderTest.java:45)
</failure>
    <system-out><![CDATA[
 assertion_method_2() -> Part executed]]></system-out>
    <system-err><![CDATA[Starting ChromeDriver 2.40.565498 (ea082db3280dd6843ebfb08a625e3eb905c4f5ab) on port 35046
Only local connections are allowed.
???. 09, 2018 2:05:07 ?? org.openqa.selenium.remote.ProtocolHandshake createSession
INFO: Detected dialect: OSS
]]></system-err>
  </testcase>
  <testcase name="checkLeasePMTOnSelectDeliveryPage_icla100" classname="myprojects.automation.assignment5.tests.PlaceOrderTest" time="0.148">
    <failure message="expected [715.85] but found [715.86]" type="java.lang.AssertionError">java.lang.AssertionError: expected [715.85] but found [715.86]
	at myprojects.automation.assignment5.tests.PlaceOrderTest.checkLeasePMTOnSelectDeliveryPage_icla100(PlaceOrderTest.java:52)
</failure>
  </testcase>
  <testcase name="check_icla99" classname="myprojects.automation.assignment5.tests.PlaceOrderTest" time="0.113">
    <failure message="expected [715.86] but found [715.85]" type="java.lang.AssertionError">java.lang.AssertionError: expected [715.86] but found [715.85]
	at myprojects.automation.assignment5.tests.PlaceOrderTest.check_icla99(PlaceOrderTest.java:58)
</failure>
  </testcase>
  <testcase name="checkRecivedPayment_icla101" classname="myprojects.automation.assignment5.tests.PlaceOrderTest" time="38.628">
    <failure message="expected [715.86] but found [740.0]" type="java.lang.AssertionError">java.lang.AssertionError: expected [715.86] but found [740.0]
	at myprojects.automation.assignment5.tests.PlaceOrderTest.checkRecivedPayment_icla101(PlaceOrderTest.java:103)
</failure>
  </testcase>
  <testcase name="checkVehiclePriceAfterReturn_icla102" classname="myprojects.automation.assignment5.tests.PlaceOrderTest" time="3.45">
    <failure message="expected [715.86] but found [740.0]" type="java.lang.AssertionError">java.lang.AssertionError: expected [715.86] but found [740.0]
	at myprojects.automation.assignment5.tests.PlaceOrderTest.checkVehiclePriceAfterReturn_icla102(PlaceOrderTest.java:113)
</failure>
  </testcase>
  <testcase name="checkAPISignUP" classname="myprojects.automation.assignment5.tests.clienPartAPITEST" time="2.812"/>
</testsuite>